
me:astra-vector-docs on  KG-tests-fixes via  v22.14.0 on ☁️  (us-west-2)
❯ dh test all -ef . -m no_compile_only
Starting verifier in no compile only mode.

View logs:
$ open /Users/me/work/astra-client-docs-tests/.docs_tests_temp/logs/2026_02_14___16_50_36.astra.log

Building test plan...
-> Found 327 test roots
-> Found 1264 files to test

Running 1264 tests...

0) compilation tests
  ? tables-create-table-composite-primary-key (3×python,3×typescript,2×java,bash)
  ? tables-create-table-keyspace (python,java,typescript)
  ? collections-migrate-collection (java)
  ? collections-create-collection-lexical (2×python,2×java,2×typescript,bash)
  ? admin-list-keyspaces (bash,python,java,typescript)
  ? client-database (python,java,typescript)
  ? client-get-astra-admin (python,java,typescript)
  ? tables-drop-table-name (bash,python,java,typescript)
  ? collections-get-collection-keyspace (2×typescript,python,java)
  ? tables-drop-table-object (python,java,typescript)
  ? collections-find-embedding-providers (bash,python,java,typescript)
  ? tables-list-metadata-keyspace (python,java,typescript)
  ? collections-create-collection-keyspace (python,java,typescript)
  ? collections-get-collection (2×typescript,python,java)
  ? client-no-options (python,java,typescript)
  ? collections-list-collection-metadata (bash,python,java,typescript)
  ? client-get-db-admin-from-admin (python,java,typescript)
  ? tables-create-table-udt (3×python,3×typescript,2×java,bash)
  ? admin-create-database (bash,python,java,typescript)
  ? collections-create-collection-default-id (2×python,2×typescript,bash,java)
  ? tables-get-table-keyspace (python,java,typescript)
  ? tables-list-names-default (bash,python,java,typescript)
  ? admin-find-database (bash,python,java,typescript)
  ? admin-create-keyspace (bash,python,java,typescript)
  ? collections-create-collection-vector (2×python,2×typescript,bash,java)
  ? admin-find-database-regions (bash,python,java,typescript)
  ? collections-create-collection-no-vector (2×typescript,bash,python,java)
  ? admin-list-databases (bash,python,java,typescript)
  ? tables-create-table-single-column-primary-key (3×python,3×typescript,2×java,bash)
  ? client-get-db-admin-from-db (python,java,typescript)
  ? collections-create-collection-hybrid (2×python,2×java,2×typescript,bash)
  ? tables-list-names-keyspace (python,java,typescript)
  ? tables-get-table-default (python,java,typescript)
  ? tables-list-metadata-default (bash,python,java,typescript)
  ? collections-create-collection-index-deny (2×python,bash,java,typescript)
  ? tables-get-table-typed (python,java,typescript)
  ? admin-find-reranking-providers (bash,python,java,typescript)
  ? admin-create-keyspace-update (python,java,typescript)
  ? tables-drop-table-exists (python,java,typescript)
  ? client-token (python,java,typescript)
  ? tables-create-table-vector (3×python,3×typescript,2×java,bash)
  ? admin-drop-database (bash,python,java,typescript)
  ? collections-drop-collection (bash,python,java,typescript)
  ? collections-create-collection-index-allow (2×python,bash,java,typescript)
  ? client-options (python,java,typescript)
  ? collections-date (python,java,typescript)
  ? collections-list-collection-names (bash,python,java,typescript)
  ? tables-create-table-compound-primary-key (3×python,3×typescript,2×java,bash)
  ? admin-drop-keyspace (bash,python,java,typescript)

1) books-table.js
  ✗ tables-find-many-exclude
    ✓ tables-find-many-exclude/example.sh
    ✗ tables-find-many-exclude/example.py
    ✓ tables-find-many-exclude/example-java/src/main/java/Example.java
    ✗ tables-find-many-exclude/example.ts
  ✓ tables-find-many-include (bash,python,java,typescript)
  ✓ tables-create-index-ascii (bash,python,java,typescript)
  ✓ tables-update-pullall-list (bash,python,java,typescript)
  ✓ tables-projection-include-cursor (2×typescript)
  ✓ tables-insert-many-generic (bash,python,java,typescript)
  ✓ tables-insert-many-vector (2×bash,python,java,typescript)
  ✓ tables-create-index-unicode (bash,python,java,typescript)
  ✓ tables-filter-compound-logic (bash,python,java,typescript)
  ✓ tables-insert-many-vectorize (bash,python,java,typescript)
  ✓ tables-delete-many-primary (bash,python,java,typescript)
  ✓ tables-find-one-vector (2×bash,python,java,typescript)
  ✓ tables-find-many-filter (bash,python,java,typescript)
  ✓ tables-find-distinct-sub-map (python)
  ✓ tables-filter-eq (bash,python,java,typescript)
  ✓ tables-create-index-case (bash,python,java,typescript)
  ✓ tables-create-text-index-exists (bash,python,java,typescript)
  ✓ tables-find-one-filter (bash,python,java,typescript)
  ✓ tables-projection-include (2×python,2×java,2×typescript,bash)
  ✗ tables-find-many-vector
    ✓ tables-find-many-vector/example-binary.sh
    ✓ tables-find-many-vector/example-array.sh
    ✗ tables-find-many-vector/example.py
    ✓ tables-find-many-vector/example-java/src/main/java/Example.java
    ✗ tables-find-many-vector/example.ts
  ✓ tables-create-vector-index-exists (bash,python,java,typescript)
  ✓ tables-projection-exclude (2×java,2×typescript,bash,python)
  ✓ tables-insert-one-vectorize (bash,python,java,typescript)
  ✓ tables-filter-nin (bash,python,java,typescript)
  ✓ tables-find-many-sort (bash,python,java,typescript)
  ✓ tables-delete-many-all (2×bash,python,java,typescript)
  ✓ tables-create-index-map-values (bash,python,java,typescript)
  ✓ tables-find-many-vectorize (bash,python,java,typescript)
  ✓ tables-find-one-combo (bash,python,java,typescript)
  ✓ tables-filter-in (bash,python,java,typescript)
  ✓ tables-find-one-sort (bash,python,java,typescript)
  ✓ tables-drop-index-exists (python,java,typescript)
  ✓ tables-alter-type-add (bash,python,java,typescript)
  ✓ tables-filter-gte (bash,python,java,typescript)
  ✓ tables-alter-type-rename (bash,python,java,typescript)
  ✗ tables-create-text-index-object-analyzer (bash,python,java,typescript)
  ✓ tables-find-many-all (bash,python,java,typescript)
  ✓ tables-projection-exclude-cursor (2×typescript)
  ✓ tables-delete-one-primary (bash,python,java,typescript)
  ✓ tables-drop-type (bash,python,java,typescript)
  ✓ tables-insert-one-generic (bash,python,java,typescript)
  ✓ tables-filter-values (bash,python,java,typescript)
  ✓ tables-update-one-unset (bash,python,java,typescript)
  ✓ tables-create-vector-index-default (bash,python,java,typescript)
  ✓ tables-filter-gt (bash,python,java,typescript)
  ✓ tables-update-one-multicolumn (bash,python,java,typescript)
  ✓ tables-create-type (bash,python,java,typescript)
  ✓ tables-find-distinct-all (python,java)
  ✓ tables-create-index-general (bash,python,java,typescript)
  ✓ tables-find-many-combo (bash,python,java,typescript)
  ✗ tables-create-text-index-default-analyzer (bash,python,java,typescript)
  ✓ tables-filter-in-map (bash,python,java,typescript)
  ✓ tables-insert-one-vector (2×bash,python,java,typescript)
  ✓ tables-find-distinct-sub-list (python)
  ✓ tables-drop-type-exists (bash,python,java,typescript)
  ✓ tables-find-many-skip (bash,python,java,typescript)
  ✓ tables-filter-lte (bash,python,java,typescript)
  ✓ tables-find-distinct-filter (python,java)
  ✓ tables-alter-table-add (bash,python,java,typescript)
  ✓ tables-create-index-exists (bash,python,java,typescript)
  ✓ tables-insert-many-behavior (bash,python,java,typescript)
  ✓ tables-alter-table-drop-vectorize (bash,python,java,typescript)
  ✓ tables-list-index-names (bash,python,java,typescript)
  ✓ tables-filter-keys (bash,python,java,typescript)
  ✓ tables-find-one-include (bash,python,java,typescript)
  ✓ tables-find-one-exclude (bash,python,java,typescript)
  ✓ tables-filter-compound-range (bash,python,java,typescript)
  ✓ tables-filter-lt (bash,python,java,typescript)
  ✓ tables-projection-include-all (bash,python,java,typescript)
  ✗ tables-create-text-index-string-analyzer (bash,python,java,typescript)
  ✓ tables-drop-index (bash,python,java,typescript)
  ✓ tables-find-many-limit (bash,python,java,typescript)
  ✓ tables-alter-table-drop (bash,python,java,typescript)
  ✓ tables-filter-all-map (bash,python,java,typescript)
  ✓ tables-filter-ne (bash,python,java,typescript)
  ✓ tables-filter-nin-map (bash,python,java,typescript)
  ✓ tables-update-pullall-map (bash,python,java,typescript)
  ✗ tables-find-many-similarity
    ✗ tables-find-many-similarity/example.sh
    ✓ tables-find-many-similarity/example.py
    ✓ tables-find-many-similarity/example-java/src/main/java/Example.java
    ✓ tables-find-many-similarity/example.ts
  ✓ tables-alter-table-add-vector (bash,python,java,typescript)
  ✓ tables-create-vector-index-specify (bash,python,java,typescript)
  ✓ tables-update-set (bash,python,java,typescript)
  ✓ tables-create-type-exists (bash,python,java,typescript)
  ✓ tables-filter-all (bash,python,java,typescript)
  ✓ tables-find-one-similarity (bash,python,java,typescript)
  ✓ tables-delete-many-composite-primary-key (bash,python,java,typescript)
  ✓ tables-create-index-map-keys (bash,python,java,typescript)
  ✓ tables-alter-type-combo (bash)
  ✓ tables-find-one-vectorize (bash,python,java,typescript)

2) mutated-collection.js
  ✓ collections-filter-gt (bash,python,java,typescript)
  ✓ collections-replace-one-vector-2 (python,java,typescript)
  ✓ collections-insert-one-id-int (bash,python,java,typescript)
  ✓ collections-update-one-upsert (bash,python,java,typescript)
  ✓ collections-find-one-lexical (bash,python,java,typescript)
  ✓ collections-insert-many-lexical (bash,python,java,typescript)
  ✗ collections-find-one-and-update-include (bash,python,java,typescript)
  ✓ collections-date-insert (bash)
  ✗ collections-find-one-and-update-exclude (bash,python,java,typescript)
  ✓ collections-find-one-vector (2×bash,python,java,typescript)
  ✓ collections-replace-one-vector (python,typescript)
  ✗ collections-find-many-similarity
    ✗ collections-find-many-similarity/example.sh
    ✓ collections-find-many-similarity/example.py
    ✓ collections-find-many-similarity/example-java/src/main/java/Example.java
    ✓ collections-find-many-similarity/example.ts
  ✓ collections-delete-many-filter (bash,python,java,typescript)
  ✓ collections-update-unset (bash,python,java,typescript)
  ✗ collections-find-many-include (bash,python,java,typescript)
  ✗ collections-find-many-exclude (bash,python,java,typescript)
  ✗ collections-find-and-rerank-sort-vector-vectorize (bash,python,typescript)
  ✗ collections-sort-vectorize (bash,python,java,typescript)
  ✓ collections-count-filter (bash,python,java,typescript)
  ✓ collections-filter-gte (bash,python,java,typescript)
  ✓ collections-filter-exists (bash,python,java,typescript)
  ✓ collections-find-and-rerank-underlying-limit-no-vectorize (bash,python)
  ✓ collections-replace-one-nested (python,java,typescript)
  ✗ collections-find-one-and-replace-after
    ! collections-find-one-and-replace-after/example.sh
    ✗ collections-find-one-and-replace-after/example.py
    ! collections-find-one-and-replace-after/example-java/src/main/java/Example.java
    ! collections-find-one-and-replace-after/example.ts
  ✓ collections-delete-many-all (bash,python,java,typescript)
  ✗ collections-find-and-rerank-filter-vectorize (bash,python,typescript)
  ✓ collections-date-current (bash)
  ✓ collections-replace-one-filter (python,java,typescript)
  ✓ collections-filter-compound-range (bash,python,java,typescript)
  ✓ collections-find-one-combo (bash,python,java,typescript)
  ✗ collections-find-many-all (bash,python,java,typescript)
  ✗ collections-find-one-and-replace-vector-2
    ! collections-find-one-and-replace-vector-2/example-binary.sh
    ! collections-find-one-and-replace-vector-2/example-array.sh
    ! collections-find-one-and-replace-vector-2/example.py
    ✗ collections-find-one-and-replace-vector-2/example.ts
  ✗ collections-find-one-and-update-upsert (bash,python,java,typescript)
  ✓ collections-insert-many-options (bash,python,java,typescript)
  ✗ collections-find-one-and-update-set-on-insert (bash,python,typescript)
  ✗ collections-escape-demo (2×python,2×typescript,bash)
  ✗ collections-find-many-sort (bash,python,java,typescript)
  ✗ collections-find-many-escape (2×python,2×java,2×typescript,bash)
  ✓ collections-intro (bash,python,java,typescript)
  ✓ collections-insert-one-generic (bash,python,java,typescript)
  ✓ collections-delete-one-id (bash,python,java,typescript)
  ✓ collections-update-one-id (bash,python,java,typescript)
  ✓ collections-find-one-filter (bash,python,java,typescript)
  ✗ collections-find-one-and-replace-sort (bash,python,typescript)
  ✓ collections-insert-one-id-uuid (python,typescript)
  ✗ collections-find-one-and-update-id
    ✗ collections-find-one-and-update-id/example.sh
    ! collections-find-one-and-update-id/example.py
    ! collections-find-one-and-update-id/example-java/src/main/java/Example.java
    ! collections-find-one-and-update-id/example.ts
  ✗ collections-find-one-and-delete-sort (bash,python,java,typescript)
  ✗ collections-find-one-and-replace-filter (bash,python,typescript)
  ✗ collections-find-one-and-replace-nested (bash,python,typescript)
  ✗ collections-find-one-and-delete-id
    ! collections-find-one-and-delete-id/example.sh
    ✗ collections-find-one-and-delete-id/example.py
    ! collections-find-one-and-delete-id/example-java/src/main/java/Example.java
    ! collections-find-one-and-delete-id/example.ts
  ✗ collections-find-one-and-delete-include (bash,python,java,typescript)
  ✗ collections-find-one-and-delete-exclude (bash,python,java,typescript)
  ✓ collections-projection-include (2×python,2×java,bash,typescript)
  ✓ collections-filter-and (bash,python,java,typescript)
  ✓ collections-projection-exclude (2×java,bash,python,typescript)
  ✗ collections-find-one-and-replace-vectorize (bash,python,typescript)
  ✓ collections-insert-one-blob (bash,python,java,typescript)
  ✓ collections-projection-include-special (bash,python,java,typescript)
  ✓ collections-update-mul (bash,python,java,typescript)
  ✓ collections-find-distinct-nested (2×python,java,typescript)
  ✓ collections-delete-one-sort (bash,python,java,typescript)
  ✓ collections-insert-one-nested (bash,python,java,typescript)
  ✗ collections-find-one-and-delete-vectorize (bash,python,java,typescript)
  ✗ collections-find-and-rerank-scores-vectorize (bash,python,java,typescript)
  ✓ collections-find-one-sort (bash,python,java,typescript)
  ✓ collections-update-push (bash,python,java,typescript)
  ✓ collections-insert-many-nested (bash,python,java,typescript)
  ✓ collections-update-many-set-on-insert (bash,python,typescript)
  ✗ collections-find-and-rerank-include-vectorize (bash,python,typescript)
  ✓ collections-update-one-escape (2×python,2×java,2×typescript,bash)
  ✗ collections-sort-lexical (bash,python,java,typescript)
  ✗ collections-find-and-rerank-sort-vector-no-vectorize (bash,python)
  ✓ collections-insert-one-vector (2×bash,python,java,typescript)
  ✓ collections-filter-in (bash,python,java,typescript)
  ✓ collections-insert-many-vector (2×bash,python,java,typescript)
  ✓ collections-delete-one-vectorize (bash,python,java,typescript)
  ✓ collections-replace-one-id (python,java,typescript)
  ✓ collections-update-many-nested (bash,python,java,typescript)
  ✓ collections-update-one-multiple (bash,python,java,typescript)
  ✓ collections-update-many-filter (bash,python,java,typescript)
  ✓ collections-insert-one-lexical-vector (bash,python,java,typescript)
  ✗ collections-find-many-lexical (bash,python,java,typescript)
  ✗ collections-find-and-rerank-vectorize-lexical (bash,python,typescript)
  ✗ collections-find-many-combo (bash,python,java,typescript)
  ✓ collections-projection-include-all (bash,python,java,typescript)
  ✗ collections-find-one-and-update-escape
    ✗ collections-find-one-and-update-escape/example.sh
    M collections-find-one-and-update-escape/example-util.py
    M collections-find-one-and-update-escape/example.py
    M collections-find-one-and-update-escape/example-java/src/main/java/Example.java
    M collections-find-one-and-update-escape/example-util-java/src/main/java/Example.java
    M collections-find-one-and-update-escape/example.ts
    M collections-find-one-and-update-escape/example-util.ts
  ✗ collections-find-one-and-replace-id
    ! collections-find-one-and-replace-id/example.sh
    ✗ collections-find-one-and-replace-id/example.py
    ! collections-find-one-and-replace-id/example.ts
  ✓ collections-insert-many-hybrid (bash,python,java,typescript)
  ✓ collections-find-one-exclude (bash,python,java,typescript)
  ✓ collections-find-one-include (bash,python,java,typescript)
  ✗ collections-find-one-and-replace-exclude (bash,python,typescript)
  ✓ collections-insert-one-lexical-vectorize (bash,python,java,typescript)
  ✗ collections-find-one-and-replace-include (bash,python,typescript)
  ✗ collections-find-one-and-replace-vector
    M collections-find-one-and-replace-vector/example-array.sh
    M collections-find-one-and-replace-vector/example-binary.sh
    ✗ collections-find-one-and-replace-vector/example.py
    ✗ collections-find-one-and-replace-vector/example.ts
  ✓ collections-estimate-count (bash,python,java,typescript)
  ✓ collections-find-and-rerank-limit-vectorize (bash,python,typescript)
  ✓ collections-update-rename (bash,python,java,typescript)
  ✓ collections-find-one-similarity (bash,python,java,typescript)
  ✓ collections-update-pop (bash,python,java,typescript)
  ✓ collections-insert-one-hybrid (bash,python,java,typescript)
  ✓ collections-filter-nin (bash,python,java,typescript)
  ✓ collections-update-many-multiple (bash,python,java,typescript)
  ✓ collections-update-inc (bash,python,java,typescript)
  ✗ collections-find-and-rerank-hybrid (bash,python,typescript)
  ✓ collections-filter-eq (bash,python,java,typescript)
  ✓ collections-projection-slice (bash,python,java,typescript)
  ✓ collections-update-setOnInsert (bash,python,java,typescript)
  ✓ collections-filter-nested (bash,python,java,typescript)
  ✓ collections-update-one-nested (bash,python,java,typescript)
  ✓ collections-update-each (bash,python,java,typescript)
  ✓ collections-insert-many-blob (bash,python,java,typescript)
  ✓ collections-update-one-filter (bash,python,java,typescript)
  ✗ collections-find-and-rerank-no-vectorize (bash,python)
  ✓ collections-projection-nested (2×java,bash,python,typescript)
  ✓ collections-update-position (bash,python,java,typescript)
  ✗ collections-find-and-rerank-include-no-vectorize (bash,python)
  ✓ collections-update-min (bash,python,java,typescript)
  ✗ collections-find-one-and-update-sort (bash,python,java,typescript)
  ✗ collections-sort-fields (bash,python,java,typescript)
  ✓ collections-delete-one-vector (2×bash,python,java,typescript)
  ✗ collections-find-one-and-delete-vector
    M collections-find-one-and-delete-vector/example-array.sh
    M collections-find-one-and-delete-vector/example-binary.sh
    ✗ collections-find-one-and-delete-vector/example.py
    ✗ collections-find-one-and-delete-vector/example-java/src/main/java/Example.java
    ✗ collections-find-one-and-delete-vector/example.ts
  ✓ collections-insert-many-vectorize (bash,python,java,typescript)
  ✓ collections-replace-one-sort (python,typescript)
  ✗ collections-find-and-rerank-rerank-query-no-vectorize (bash,python)
  ✓ collections-find-distinct-subset (python,java,typescript)
  ✓ collections-update-one-lexical (bash,python,java,typescript)
  ✗ collections-find-and-rerank-underlying-limit-vectorize (bash,python,typescript)
  ✓ collections-find-one-vectorize (bash,python,java,typescript)
  ✗ collections-find-one-and-replace-escape (2×python,2×typescript,bash)
  ✓ collections-filter-ne (bash,python,java,typescript)
  ✓ collections-count-all (bash,python,java,typescript)
  ✗ collections-find-many-skip (bash,python,java,typescript)
  ✓ collections-insert-many-generic (bash,python,java,typescript)
  ✗ collections-find-one-and-update-vector
    M collections-find-one-and-update-vector/example-array.sh
    M collections-find-one-and-update-vector/example-binary.sh
    ✗ collections-find-one-and-update-vector/example.py
    ✗ collections-find-one-and-update-vector/example-java/src/main/java/Example.java
    ✗ collections-find-one-and-update-vector/example.ts
  ✓ collections-filter-compound-logic (bash,python,java,typescript)
  ✓ collections-replace-one-upsert (python,java,typescript)
  ✗ collections-find-one-and-delete-filter (bash,python,java,typescript)
  ✓ collections-find-many-limit (bash,python,java,typescript)
  ✗ collections-find-many-vectorize (bash,python,java,typescript)
  ✓ collections-insert-one-lexical (bash,python,java,typescript)
  ✗ collections-find-one-and-update-filter (bash,python,java,typescript)
  ✓ collections-find-and-rerank-limit-no-vectorize (bash,python)
  ✓ collections-find-distinct-array (python,typescript)
  ✗ collections-find-one-and-update-nested
    ! collections-find-one-and-update-nested/example.sh
    ✓ collections-find-one-and-update-nested/example.py
    ! collections-find-one-and-update-nested/example-java/src/main/java/Example.java
    ! collections-find-one-and-update-nested/example.ts
  ✗ collections-find-one-id
    ! collections-find-one-id/example.sh
    ! collections-find-one-id/example.py
    ! collections-find-one-id/example-java/src/main/java/Example.java
    ✓ collections-find-one-id/example.ts
  ✓ collections-filter-match (bash,python,java,typescript)
  ✓ collections-update-one-vector (2×bash,python,java,typescript)
  ✓ collections-update-addToSet (bash,python,java,typescript)
  ✓ collections-update-many-escape (2×python,2×java,2×typescript,bash)
  ✗ collections-find-one-and-update-multiple
    ! collections-find-one-and-update-multiple/example.sh
    ! collections-find-one-and-update-multiple/example.py
    ✓ collections-find-one-and-update-multiple/example-java/src/main/java/Example.java
    ! collections-find-one-and-update-multiple/example.ts
  ✓ collections-update-set (bash,python,java,typescript)
  ✗ collections-find-and-rerank-scores-no-vectorize (bash,python,java)
  ✓ collections-projection-exclude-all (bash,python,java,typescript)
  ✗ collections-find-one-and-replace-vectorize-2
    ! collections-find-one-and-replace-vectorize-2/example.sh
    ! collections-find-one-and-replace-vectorize-2/example.py
    ✗ collections-find-one-and-replace-vectorize-2/example.ts
  ✓ collections-delete-one-filter (bash,python,java,typescript)
  ✓ collections-projection-exclude-id (bash,python,java,typescript)
  ✓ collections-filter-all (bash,python,java,typescript)
  ✓ collections-update-currentDate (bash,python,java,typescript)
  ✓ collections-replace-one-vectorize-2 (python,java,typescript)
  ✗ collections-find-many-vector (2×bash,python,java,typescript)
  ✗ collections-find-one-and-replace-upsert (bash,python,typescript)
  ✗ collections-find-and-rerank-rerank-query-vectorize (bash,python,typescript)
  ✗ collections-sort-hybrid (bash,python,typescript)
  ✗ collections-insert-many-id
    ✓ collections-insert-many-id/example.sh
    ✓ collections-insert-many-id/example.py
    ✗ collections-insert-many-id/example.ts
  ✗ collections-find-one-and-update-vectorize (bash,python,java,typescript)
  ✓ collections-filter-size (bash,python,java,typescript)
  ✗ collections-sort-vector (2×bash,python,java,typescript)
  ✗ collections-find-one-and-update-after
    ! collections-find-one-and-update-after/example.sh
    ! collections-find-one-and-update-after/example.py
    ! collections-find-one-and-update-after/example-java/src/main/java/Example.java
    ✗ collections-find-one-and-update-after/example.ts
  ✓ collections-filter-lte (bash,python,java,typescript)
  ✓ collections-find-one-escape (2×python,2×java,2×typescript,bash)
  ✓ collections-update-max (bash,python,java,typescript)
  ✓ collections-update-many-upsert (bash,python,java,typescript)
  ✓ collections-replace-one-vectorize (python,typescript)
  ✓ collections-update-one-set-on-insert (bash,python,typescript)
  ✓ collections-filter-not (bash,python,java,typescript)
  ✓ collections-date-filter (bash)
  ✓ collections-update-one-vectorize (bash,python,java,typescript)
  ✗ collections-find-many-filter (bash,python,java,typescript)
  ✓ collections-find-distinct-basic (python,java,typescript)
  ✓ collections-insert-one-vectorize (bash,python,java,typescript)
  ✓ collections-filter-or (bash,python,java,typescript)
  ✗ collections-find-and-rerank-filter-no-vectorize (bash,python)
  ✓ collections-replace-one-escape (2×python,2×java,2×typescript)
  ✓ collections-insert-one-id-objectid (bash,python,typescript)
  ✓ collections-filter-lt (bash,python,java,typescript)

Test Summary:
- Total tests: 1264
- Passed tests: 1005
- Failed tests: 259

me:astra-vector-docs on  KG-tests-fixes [✘?] via  v22.14.0 on ☁️  (us-west-2) took 31m38s
❯
